0 info it worked if it ends with ok
1 verbose cli [ 'C:\\Program Files\\nodejs\\node.exe',
1 verbose cli   'C:\\Program Files\\nodejs\\node_modules\\npm\\bin\\npm-cli.js',
1 verbose cli   'install',
1 verbose cli   '--save',
1 verbose cli   'express@4.16.3',
1 verbose cli   'mysql@.15.0',
1 verbose cli   'body-parser@1.18.2' ]
2 info using npm@3.10.10
3 info using node@v6.11.0
4 silly loadCurrentTree Starting
5 silly install loadCurrentTree
6 silly install readLocalPackageData
7 silly fetchPackageMetaData express@4.16.3
8 silly fetchPackageMetaData mysql@.15.0
9 silly fetchPackageMetaData body-parser@1.18.2
10 silly fetchNamedPackageData express
11 silly mapToRegistry name express
12 silly mapToRegistry using default registry
13 silly mapToRegistry registry https://registry.npmjs.org/
14 silly mapToRegistry data Result {
14 silly mapToRegistry   raw: 'express',
14 silly mapToRegistry   scope: null,
14 silly mapToRegistry   escapedName: 'express',
14 silly mapToRegistry   name: 'express',
14 silly mapToRegistry   rawSpec: '',
14 silly mapToRegistry   spec: 'latest',
14 silly mapToRegistry   type: 'tag' }
15 silly mapToRegistry uri https://registry.npmjs.org/express
16 silly fetchNamedPackageData body-parser
17 silly mapToRegistry name body-parser
18 silly mapToRegistry using default registry
19 silly mapToRegistry registry https://registry.npmjs.org/
20 silly mapToRegistry data Result {
20 silly mapToRegistry   raw: 'body-parser',
20 silly mapToRegistry   scope: null,
20 silly mapToRegistry   escapedName: 'body-parser',
20 silly mapToRegistry   name: 'body-parser',
20 silly mapToRegistry   rawSpec: '',
20 silly mapToRegistry   spec: 'latest',
20 silly mapToRegistry   type: 'tag' }
21 silly mapToRegistry uri https://registry.npmjs.org/body-parser
22 silly fetchNamedPackageData mysql
23 silly mapToRegistry name mysql
24 silly mapToRegistry using default registry
25 silly mapToRegistry registry https://registry.npmjs.org/
26 silly mapToRegistry data Result {
26 silly mapToRegistry   raw: 'mysql',
26 silly mapToRegistry   scope: null,
26 silly mapToRegistry   escapedName: 'mysql',
26 silly mapToRegistry   name: 'mysql',
26 silly mapToRegistry   rawSpec: '',
26 silly mapToRegistry   spec: 'latest',
26 silly mapToRegistry   type: 'tag' }
27 silly mapToRegistry uri https://registry.npmjs.org/mysql
28 verbose request uri https://registry.npmjs.org/body-parser
29 verbose request no auth needed
30 info attempt registry request try #1 at 1:00:47 PM
31 verbose request id 77bf7ee5204a813b
32 verbose etag W/"e0598ee49f5ed3ff57527207ccebbdbf"
33 verbose lastModified Sun, 10 Mar 2019 10:48:31 GMT
34 http request GET https://registry.npmjs.org/body-parser
35 verbose request uri https://registry.npmjs.org/express
36 verbose request no auth needed
37 info attempt registry request try #1 at 1:00:47 PM
38 verbose etag W/"b21f0a004957d357c25edb2adece745c"
39 verbose lastModified Sun, 10 Mar 2019 10:48:41 GMT
40 http request GET https://registry.npmjs.org/express
41 verbose request uri https://registry.npmjs.org/mysql
42 verbose request no auth needed
43 info attempt registry request try #1 at 1:00:47 PM
44 verbose etag W/"ae241d81d23edd3e6013612d97c4b7a1"
45 verbose lastModified Wed, 18 Jul 2018 05:08:11 GMT
46 http request GET https://registry.npmjs.org/mysql
47 http 304 https://registry.npmjs.org/express
48 verbose headers { date: 'Sat, 06 Apr 2019 07:30:52 GMT',
48 verbose headers   connection: 'keep-alive',
48 verbose headers   'set-cookie': [ '__cfduid=d3f4de5b0ea1e56f6dfd5ccb8b129d5811554535852; expires=Sun, 05-Apr-20 07:30:52 GMT; path=/; domain=.registry.npmjs.org; HttpOnly' ],
48 verbose headers   'cf-cache-status': 'HIT',
48 verbose headers   'cache-control': 'max-age=300',
48 verbose headers   'cf-ray': '4c320f17fd58313e-SIN',
48 verbose headers   etag: '"b21f0a004957d357c25edb2adece745c"',
48 verbose headers   'expect-ct': 'max-age=604800, report-uri="https://report-uri.cloudflare.com/cdn-cgi/beacon/expect-ct"',
48 verbose headers   'last-modified': 'Sun, 10 Mar 2019 10:48:41 GMT',
48 verbose headers   vary: 'accept-encoding, accept',
48 verbose headers   'x-amz-meta-rev': '3882-a780548630e057df42957c3133cafc6b',
48 verbose headers   server: 'cloudflare' }
49 silly get cb [ 304,
49 silly get   { date: 'Sat, 06 Apr 2019 07:30:52 GMT',
49 silly get     connection: 'keep-alive',
49 silly get     'set-cookie': [ '__cfduid=d3f4de5b0ea1e56f6dfd5ccb8b129d5811554535852; expires=Sun, 05-Apr-20 07:30:52 GMT; path=/; domain=.registry.npmjs.org; HttpOnly' ],
49 silly get     'cf-cache-status': 'HIT',
49 silly get     'cache-control': 'max-age=300',
49 silly get     'cf-ray': '4c320f17fd58313e-SIN',
49 silly get     etag: '"b21f0a004957d357c25edb2adece745c"',
49 silly get     'expect-ct': 'max-age=604800, report-uri="https://report-uri.cloudflare.com/cdn-cgi/beacon/expect-ct"',
49 silly get     'last-modified': 'Sun, 10 Mar 2019 10:48:41 GMT',
49 silly get     vary: 'accept-encoding, accept',
49 silly get     'x-amz-meta-rev': '3882-a780548630e057df42957c3133cafc6b',
49 silly get     server: 'cloudflare' } ]
50 verbose etag https://registry.npmjs.org/express from cache
51 verbose get saving express to C:\Users\Omkar\AppData\Roaming\npm-cache\registry.npmjs.org\express\.cache.json
52 verbose correctMkdir C:\Users\Omkar\AppData\Roaming\npm-cache correctMkdir not in flight; initializing
53 http 304 https://registry.npmjs.org/body-parser
54 verbose headers { date: 'Sat, 06 Apr 2019 07:30:53 GMT',
54 verbose headers   connection: 'keep-alive',
54 verbose headers   'set-cookie': [ '__cfduid=d184ea12c3c937d63dd4f2522d878847d1554535853; expires=Sun, 05-Apr-20 07:30:53 GMT; path=/; domain=.registry.npmjs.org; HttpOnly' ],
54 verbose headers   'cf-cache-status': 'HIT',
54 verbose headers   'cache-control': 'max-age=300',
54 verbose headers   'cf-ray': '4c320f1cfa53c31a-SIN',
54 verbose headers   etag: '"e0598ee49f5ed3ff57527207ccebbdbf"',
54 verbose headers   'expect-ct': 'max-age=604800, report-uri="https://report-uri.cloudflare.com/cdn-cgi/beacon/expect-ct"',
54 verbose headers   'last-modified': 'Sun, 10 Mar 2019 10:48:31 GMT',
54 verbose headers   vary: 'accept-encoding, accept',
54 verbose headers   'x-amz-meta-rev': '794-3a6ca8c9513d79156a393620033de827',
54 verbose headers   server: 'cloudflare' }
55 silly get cb [ 304,
55 silly get   { date: 'Sat, 06 Apr 2019 07:30:53 GMT',
55 silly get     connection: 'keep-alive',
55 silly get     'set-cookie': [ '__cfduid=d184ea12c3c937d63dd4f2522d878847d1554535853; expires=Sun, 05-Apr-20 07:30:53 GMT; path=/; domain=.registry.npmjs.org; HttpOnly' ],
55 silly get     'cf-cache-status': 'HIT',
55 silly get     'cache-control': 'max-age=300',
55 silly get     'cf-ray': '4c320f1cfa53c31a-SIN',
55 silly get     etag: '"e0598ee49f5ed3ff57527207ccebbdbf"',
55 silly get     'expect-ct': 'max-age=604800, report-uri="https://report-uri.cloudflare.com/cdn-cgi/beacon/expect-ct"',
55 silly get     'last-modified': 'Sun, 10 Mar 2019 10:48:31 GMT',
55 silly get     vary: 'accept-encoding, accept',
55 silly get     'x-amz-meta-rev': '794-3a6ca8c9513d79156a393620033de827',
55 silly get     server: 'cloudflare' } ]
56 verbose etag https://registry.npmjs.org/body-parser from cache
57 verbose get saving body-parser to C:\Users\Omkar\AppData\Roaming\npm-cache\registry.npmjs.org\body-parser\.cache.json
58 verbose correctMkdir C:\Users\Omkar\AppData\Roaming\npm-cache correctMkdir not in flight; initializing
59 http 304 https://registry.npmjs.org/mysql
60 verbose headers { date: 'Sat, 06 Apr 2019 07:30:53 GMT',
60 verbose headers   connection: 'keep-alive',
60 verbose headers   'set-cookie': [ '__cfduid=df7076e4ac8e037eed159c621364047fe1554535853; expires=Sun, 05-Apr-20 07:30:53 GMT; path=/; domain=.registry.npmjs.org; HttpOnly' ],
60 verbose headers   'cf-cache-status': 'HIT',
60 verbose headers   'cache-control': 'max-age=300',
60 verbose headers   'cf-ray': '4c320f1d2be1aac2-SIN',
60 verbose headers   etag: '"ae241d81d23edd3e6013612d97c4b7a1"',
60 verbose headers   'expect-ct': 'max-age=604800, report-uri="https://report-uri.cloudflare.com/cdn-cgi/beacon/expect-ct"',
60 verbose headers   'last-modified': 'Wed, 18 Jul 2018 05:08:11 GMT',
60 verbose headers   vary: 'accept-encoding, accept',
60 verbose headers   server: 'cloudflare' }
61 silly get cb [ 304,
61 silly get   { date: 'Sat, 06 Apr 2019 07:30:53 GMT',
61 silly get     connection: 'keep-alive',
61 silly get     'set-cookie': [ '__cfduid=df7076e4ac8e037eed159c621364047fe1554535853; expires=Sun, 05-Apr-20 07:30:53 GMT; path=/; domain=.registry.npmjs.org; HttpOnly' ],
61 silly get     'cf-cache-status': 'HIT',
61 silly get     'cache-control': 'max-age=300',
61 silly get     'cf-ray': '4c320f1d2be1aac2-SIN',
61 silly get     etag: '"ae241d81d23edd3e6013612d97c4b7a1"',
61 silly get     'expect-ct': 'max-age=604800, report-uri="https://report-uri.cloudflare.com/cdn-cgi/beacon/expect-ct"',
61 silly get     'last-modified': 'Wed, 18 Jul 2018 05:08:11 GMT',
61 silly get     vary: 'accept-encoding, accept',
61 silly get     server: 'cloudflare' } ]
62 verbose etag https://registry.npmjs.org/mysql from cache
63 verbose get saving mysql to C:\Users\Omkar\AppData\Roaming\npm-cache\registry.npmjs.org\mysql\.cache.json
64 verbose correctMkdir C:\Users\Omkar\AppData\Roaming\npm-cache correctMkdir not in flight; initializing
65 silly fetchNamedPackageData No valid target from cache, forcing network
66 verbose request uri https://registry.npmjs.org/mysql
67 verbose request no auth needed
68 info attempt registry request try #1 at 1:00:49 PM
69 http request GET https://registry.npmjs.org/mysql
70 http 200 https://registry.npmjs.org/mysql
71 verbose headers { date: 'Sat, 06 Apr 2019 07:30:53 GMT',
71 verbose headers   'content-type': 'application/json; charset=UTF-8',
71 verbose headers   'transfer-encoding': 'chunked',
71 verbose headers   connection: 'keep-alive',
71 verbose headers   'set-cookie': [ '__cfduid=dc8e166000a2395ba4ac0705f20df7d641554535853; expires=Sun, 05-Apr-20 07:30:53 GMT; path=/; domain=.registry.npmjs.org; HttpOnly' ],
71 verbose headers   'cf-cache-status': 'HIT',
71 verbose headers   'cache-control': 'max-age=300',
71 verbose headers   'cf-ray': '4c320f1ecc6a313e-SIN',
71 verbose headers   etag: 'W/"ae241d81d23edd3e6013612d97c4b7a1"',
71 verbose headers   'expect-ct': 'max-age=604800, report-uri="https://report-uri.cloudflare.com/cdn-cgi/beacon/expect-ct"',
71 verbose headers   'last-modified': 'Wed, 18 Jul 2018 05:08:11 GMT',
71 verbose headers   vary: 'accept-encoding, accept',
71 verbose headers   server: 'cloudflare',
71 verbose headers   'content-encoding': 'gzip' }
72 silly get cb [ 200,
72 silly get   { date: 'Sat, 06 Apr 2019 07:30:53 GMT',
72 silly get     'content-type': 'application/json; charset=UTF-8',
72 silly get     'transfer-encoding': 'chunked',
72 silly get     connection: 'keep-alive',
72 silly get     'set-cookie': [ '__cfduid=dc8e166000a2395ba4ac0705f20df7d641554535853; expires=Sun, 05-Apr-20 07:30:53 GMT; path=/; domain=.registry.npmjs.org; HttpOnly' ],
72 silly get     'cf-cache-status': 'HIT',
72 silly get     'cache-control': 'max-age=300',
72 silly get     'cf-ray': '4c320f1ecc6a313e-SIN',
72 silly get     etag: 'W/"ae241d81d23edd3e6013612d97c4b7a1"',
72 silly get     'expect-ct': 'max-age=604800, report-uri="https://report-uri.cloudflare.com/cdn-cgi/beacon/expect-ct"',
72 silly get     'last-modified': 'Wed, 18 Jul 2018 05:08:11 GMT',
72 silly get     vary: 'accept-encoding, accept',
72 silly get     server: 'cloudflare',
72 silly get     'content-encoding': 'gzip' } ]
73 verbose get saving mysql to C:\Users\Omkar\AppData\Roaming\npm-cache\registry.npmjs.org\mysql\.cache.json
74 verbose correctMkdir C:\Users\Omkar\AppData\Roaming\npm-cache correctMkdir not in flight; initializing
75 silly fetchPackageMetaData Error: No compatible version found: mysql@.15.0
75 silly fetchPackageMetaData Valid install targets:
75 silly fetchPackageMetaData 2.16.0, 2.15.0, 2.14.1, 2.14.0, 2.13.0, 2.12.0, 2.11.1, 2.11.0, 2.10.2, 2.10.1, 2.10.0, 2.9.0, 2.8.0, 2.7.0, 2.6.2, 2.6.1, 2.6.0, 2.5.5, 2.5.4, 2.5.3, 2.5.2, 2.5.1, 2.5.0, 2.4.3, 2.4.2, 2.4.1, 2.4.0, 2.3.2, 2.3.1, 2.3.0, 2.2.0, 2.1.1, 2.1.0, 2.0.1, 2.0.0, 2.0.0-rc2, 2.0.0-rc1, 2.0.0-alpha9, 2.0.0-alpha8, 2.0.0-alpha7, 2.0.0-alpha6, 2.0.0-alpha5, 2.0.0-alpha4, 2.0.0-alpha3, 2.0.0-alpha2, 2.0.0-alpha, 0.9.6, 0.9.5, 0.9.4, 0.9.3, 0.9.2, 0.9.1, 0.9.0, 0.8.0, 0.7.0, 0.6.0, 0.5.0, 0.4.0, 0.3.0, 0.2.0, 0.1.0
75 silly fetchPackageMetaData
75 silly fetchPackageMetaData     at pickVersionFromRegistryDocument (C:\Program Files\nodejs\node_modules\npm\lib\fetch-package-metadata.js:178:16)
75 silly fetchPackageMetaData     at C:\Program Files\nodejs\node_modules\npm\node_modules\iferr\index.js:13:50
75 silly fetchPackageMetaData     at C:\Program Files\nodejs\node_modules\npm\lib\utils\pulse-till-done.js:20:8
75 silly fetchPackageMetaData     at saved (C:\Program Files\nodejs\node_modules\npm\lib\cache\caching-client.js:174:7)
75 silly fetchPackageMetaData     at C:\Program Files\nodejs\node_modules\npm\node_modules\graceful-fs\polyfills.js:241:18
75 silly fetchPackageMetaData     at FSReqWrap.oncomplete (fs.js:123:15)
75 silly fetchPackageMetaData  error for mysql@.15.0 { Error: No compatible version found: mysql@.15.0
75 silly fetchPackageMetaData Valid install targets:
75 silly fetchPackageMetaData 2.16.0, 2.15.0, 2.14.1, 2.14.0, 2.13.0, 2.12.0, 2.11.1, 2.11.0, 2.10.2, 2.10.1, 2.10.0, 2.9.0, 2.8.0, 2.7.0, 2.6.2, 2.6.1, 2.6.0, 2.5.5, 2.5.4, 2.5.3, 2.5.2, 2.5.1, 2.5.0, 2.4.3, 2.4.2, 2.4.1, 2.4.0, 2.3.2, 2.3.1, 2.3.0, 2.2.0, 2.1.1, 2.1.0, 2.0.1, 2.0.0, 2.0.0-rc2, 2.0.0-rc1, 2.0.0-alpha9, 2.0.0-alpha8, 2.0.0-alpha7, 2.0.0-alpha6, 2.0.0-alpha5, 2.0.0-alpha4, 2.0.0-alpha3, 2.0.0-alpha2, 2.0.0-alpha, 0.9.6, 0.9.5, 0.9.4, 0.9.3, 0.9.2, 0.9.1, 0.9.0, 0.8.0, 0.7.0, 0.6.0, 0.5.0, 0.4.0, 0.3.0, 0.2.0, 0.1.0
75 silly fetchPackageMetaData
75 silly fetchPackageMetaData     at pickVersionFromRegistryDocument (C:\Program Files\nodejs\node_modules\npm\lib\fetch-package-metadata.js:178:16)
75 silly fetchPackageMetaData     at C:\Program Files\nodejs\node_modules\npm\node_modules\iferr\index.js:13:50
75 silly fetchPackageMetaData     at C:\Program Files\nodejs\node_modules\npm\lib\utils\pulse-till-done.js:20:8
75 silly fetchPackageMetaData     at saved (C:\Program Files\nodejs\node_modules\npm\lib\cache\caching-client.js:174:7)
75 silly fetchPackageMetaData     at C:\Program Files\nodejs\node_modules\npm\node_modules\graceful-fs\polyfills.js:241:18
75 silly fetchPackageMetaData     at FSReqWrap.oncomplete (fs.js:123:15) code: 'ETARGET' }
76 silly rollbackFailedOptional Starting
77 silly rollbackFailedOptional Finishing
78 silly runTopLevelLifecycles Finishing
79 silly install printInstalled
80 verbose stack Error: No compatible version found: mysql@.15.0
80 verbose stack Valid install targets:
80 verbose stack 2.16.0, 2.15.0, 2.14.1, 2.14.0, 2.13.0, 2.12.0, 2.11.1, 2.11.0, 2.10.2, 2.10.1, 2.10.0, 2.9.0, 2.8.0, 2.7.0, 2.6.2, 2.6.1, 2.6.0, 2.5.5, 2.5.4, 2.5.3, 2.5.2, 2.5.1, 2.5.0, 2.4.3, 2.4.2, 2.4.1, 2.4.0, 2.3.2, 2.3.1, 2.3.0, 2.2.0, 2.1.1, 2.1.0, 2.0.1, 2.0.0, 2.0.0-rc2, 2.0.0-rc1, 2.0.0-alpha9, 2.0.0-alpha8, 2.0.0-alpha7, 2.0.0-alpha6, 2.0.0-alpha5, 2.0.0-alpha4, 2.0.0-alpha3, 2.0.0-alpha2, 2.0.0-alpha, 0.9.6, 0.9.5, 0.9.4, 0.9.3, 0.9.2, 0.9.1, 0.9.0, 0.8.0, 0.7.0, 0.6.0, 0.5.0, 0.4.0, 0.3.0, 0.2.0, 0.1.0
80 verbose stack
80 verbose stack     at pickVersionFromRegistryDocument (C:\Program Files\nodejs\node_modules\npm\lib\fetch-package-metadata.js:178:16)
80 verbose stack     at C:\Program Files\nodejs\node_modules\npm\node_modules\iferr\index.js:13:50
80 verbose stack     at C:\Program Files\nodejs\node_modules\npm\lib\utils\pulse-till-done.js:20:8
80 verbose stack     at saved (C:\Program Files\nodejs\node_modules\npm\lib\cache\caching-client.js:174:7)
80 verbose stack     at C:\Program Files\nodejs\node_modules\npm\node_modules\graceful-fs\polyfills.js:241:18
80 verbose stack     at FSReqWrap.oncomplete (fs.js:123:15)
81 verbose cwd D:\node js\DB
82 error Windows_NT 6.1.7600
83 error argv "C:\\Program Files\\nodejs\\node.exe" "C:\\Program Files\\nodejs\\node_modules\\npm\\bin\\npm-cli.js" "install" "--save" "express@4.16.3" "mysql@.15.0" "body-parser@1.18.2"
84 error node v6.11.0
85 error npm  v3.10.10
86 error code ETARGET
87 error notarget No compatible version found: mysql@.15.0
87 error notarget Valid install targets:
87 error notarget 2.16.0, 2.15.0, 2.14.1, 2.14.0, 2.13.0, 2.12.0, 2.11.1, 2.11.0, 2.10.2, 2.10.1, 2.10.0, 2.9.0, 2.8.0, 2.7.0, 2.6.2, 2.6.1, 2.6.0, 2.5.5, 2.5.4, 2.5.3, 2.5.2, 2.5.1, 2.5.0, 2.4.3, 2.4.2, 2.4.1, 2.4.0, 2.3.2, 2.3.1, 2.3.0, 2.2.0, 2.1.1, 2.1.0, 2.0.1, 2.0.0, 2.0.0-rc2, 2.0.0-rc1, 2.0.0-alpha9, 2.0.0-alpha8, 2.0.0-alpha7, 2.0.0-alpha6, 2.0.0-alpha5, 2.0.0-alpha4, 2.0.0-alpha3, 2.0.0-alpha2, 2.0.0-alpha, 0.9.6, 0.9.5, 0.9.4, 0.9.3, 0.9.2, 0.9.1, 0.9.0, 0.8.0, 0.7.0, 0.6.0, 0.5.0, 0.4.0, 0.3.0, 0.2.0, 0.1.0
88 error notarget This is most likely not a problem with npm itself.
88 error notarget In most cases you or one of your dependencies are requesting
88 error notarget a package version that doesn't exist.
89 verbose exit [ 1, true ]
